<?xml version="1.0" encoding="UTF-8"?>
<!-- Generated by org.testng.reporters.JUnitReportReporter -->
<testsuite hostname="bubly" failures="0" tests="2" name="organizationTests.ToCreateOrgWithIndustryTest" time="0.000" errors="0" timestamp="2025-03-24T09:45:35 IST" skipped="2">
  <testcase classname="organizationTests.ToCreateOrgWithIndustryTest" name="toCreateOrgWithIndustry__003" time="0.000">
    <skipped/>
  </testcase> <!-- toCreateOrgWithIndustry__003 -->
  <system-out/>
  <testcase classname="organizationTests.ToCreateOrgWithIndustryTest" name="toCreateOrgWithIndustry__003" time="0.000">
    <skipped/>
  </testcase> <!-- toCreateOrgWithIndustry__003 -->
  <system-out/>
</testsuite> <!-- organizationTests.ToCreateOrgWithIndustryTest -->
