<?xml version="1.0" encoding="UTF-8"?>
<!-- Generated by org.testng.reporters.JUnitReportReporter -->
<testsuite hostname="bubly" failures="0" tests="2" name="organizationTests.ToCreateOrgTest" time="0.000" errors="0" timestamp="2025-03-24T09:45:35 IST" skipped="2">
  <testcase classname="organizationTests.ToCreateOrgTest" name="toCreateOrgTest_002" time="0.000">
    <skipped/>
  </testcase> <!-- toCreateOrgTest_002 -->
  <system-out/>
  <testcase classname="organizationTests.ToCreateOrgTest" name="toCreateOrgTest_002" time="0.000">
    <skipped/>
  </testcase> <!-- toCreateOrgTest_002 -->
  <system-out/>
</testsuite> <!-- organizationTests.ToCreateOrgTest -->
