<?xml version="1.0" encoding="UTF-8"?>
<!-- Generated by org.testng.reporters.JUnitReportReporter -->
<testsuite hostname="bubly" failures="0" tests="1" name="OrganizationTest.ToCreateOrgWithTypeTest" time="17.448" errors="0" timestamp="2025-04-03T10:38:04 IST" skipped="0">
  <testcase classname="OrganizationTest.ToCreateOrgWithTypeTest" name="TocreateOrgWithType_004" time="17.448"/>
  <system-out/>
</testsuite> <!-- OrganizationTest.ToCreateOrgWithTypeTest -->
