<?xml version="1.0" encoding="UTF-8"?>
<!-- Generated by org.testng.reporters.JUnitReportReporter -->
<testsuite hostname="bubly" failures="0" tests="1" name="OrganizationTest.ToCreateOrgTest" time="16.618" errors="0" timestamp="2025-04-03T10:38:04 IST" skipped="0">
  <testcase classname="OrganizationTest.ToCreateOrgTest" name="toCreateOrg_003" time="16.618"/>
  <system-out/>
</testsuite> <!-- OrganizationTest.ToCreateOrgTest -->
