<?xml version="1.0" encoding="UTF-8"?>
<!-- Generated by org.testng.reporters.JUnitReportReporter -->
<testsuite hostname="bubly" failures="0" tests="1" name="contactTests.ToCreateContactWithOrgTest" time="19.682" errors="0" timestamp="2025-04-03T10:38:04 IST" skipped="0">
  <testcase classname="contactTests.ToCreateContactWithOrgTest" name="toCreateContactWithOrg_002" time="19.682"/>
  <system-out/>
</testsuite> <!-- contactTests.ToCreateContactWithOrgTest -->
